<?xml version="1.0" encoding="UTF-8"?>
<!-- Generated by org.testng.reporters.JUnitReportReporter -->
<testsuite hostname="Vikram" failures="0" tests="23" name="com.emicalculation.pages.LoanTenureCalculatorPageUI" time="24.438" errors="0" timestamp="2022-07-13T11:02:37 IST" skipped="0">
  <testcase classname="com.emicalculation.pages.LoanTenureCalculatorPageUI" name="openApplication" time="11.472"/>
  <system-out/>
  <testcase classname="com.emicalculation.pages.LoanTenureCalculatorPageUI" name="navigateToLoanTenureCal" time="4.840"/>
  <system-out/>
  <testcase classname="com.emicalculation.pages.LoanTenureCalculatorPageUI" name="loanAmountTextBoxAvailibility" time="0.448"/>
  <system-out/>
  <testcase classname="com.emicalculation.pages.LoanTenureCalculatorPageUI" name="loanAmountsliderAvailibility" time="0.344"/>
  <system-out/>
  <testcase classname="com.emicalculation.pages.LoanTenureCalculatorPageUI" name="loanAmountsliderCheck" time="0.479"/>
  <system-out/>
  <testcase classname="com.emicalculation.pages.LoanTenureCalculatorPageUI" name="enterLoanAmountCheck" time="0.178"/>
  <system-out/>
  <testcase classname="com.emicalculation.pages.LoanTenureCalculatorPageUI" name="checkLoanAmountScale" time="0.368"/>
  <system-out/>
  <testcase classname="com.emicalculation.pages.LoanTenureCalculatorPageUI" name="emiTextBoxAvailibility" time="0.376"/>
  <system-out/>
  <testcase classname="com.emicalculation.pages.LoanTenureCalculatorPageUI" name="emiSliderAvailibility" time="0.384"/>
  <system-out/>
  <testcase classname="com.emicalculation.pages.LoanTenureCalculatorPageUI" name="emiSliderCheck" time="0.425"/>
  <system-out/>
  <testcase classname="com.emicalculation.pages.LoanTenureCalculatorPageUI" name="enterEmiAmountCheck" time="0.192"/>
  <system-out/>
  <testcase classname="com.emicalculation.pages.LoanTenureCalculatorPageUI" name="checkEmiAmountScale" time="0.248"/>
  <system-out/>
  <testcase classname="com.emicalculation.pages.LoanTenureCalculatorPageUI" name="interestRateTextBoxAvailibility" time="0.816"/>
  <system-out/>
  <testcase classname="com.emicalculation.pages.LoanTenureCalculatorPageUI" name="interestRateSliderAvailibility" time="0.400"/>
  <system-out/>
  <testcase classname="com.emicalculation.pages.LoanTenureCalculatorPageUI" name="interestRateSliderCheck" time="0.434"/>
  <system-out/>
  <testcase classname="com.emicalculation.pages.LoanTenureCalculatorPageUI" name="enterInterestRateCheck" time="0.344"/>
  <system-out/>
  <testcase classname="com.emicalculation.pages.LoanTenureCalculatorPageUI" name="checkInterestRateScale" time="0.328"/>
  <system-out/>
  <testcase classname="com.emicalculation.pages.LoanTenureCalculatorPageUI" name="feesChargesTextBoxAvailibility" time="0.504"/>
  <system-out/>
  <testcase classname="com.emicalculation.pages.LoanTenureCalculatorPageUI" name="feesChargesSliderAvailibility" time="0.480"/>
  <system-out/>
  <testcase classname="com.emicalculation.pages.LoanTenureCalculatorPageUI" name="feesChargesSliderCheck" time="0.432"/>
  <system-out/>
  <testcase classname="com.emicalculation.pages.LoanTenureCalculatorPageUI" name="enterFeesChargesCheck" time="0.464"/>
  <system-out/>
  <testcase classname="com.emicalculation.pages.LoanTenureCalculatorPageUI" name="checkFeesChargesScale" time="0.280"/>
  <system-out/>
  <testcase classname="com.emicalculation.pages.LoanTenureCalculatorPageUI" name="closeApplication" time="0.202"/>
  <system-out/>
</testsuite> <!-- com.emicalculation.pages.LoanTenureCalculatorPageUI -->
