<?xml version="1.0" encoding="UTF-8"?>
<!-- Generated by org.testng.reporters.JUnitReportReporter -->
<testsuite hostname="Vikram" failures="0" tests="7" name="com.emicalculation.pages.HomeLoanCalculationPage" time="243.487" errors="0" timestamp="2022-07-13T11:02:37 IST" skipped="0">
  <testcase classname="com.emicalculation.pages.HomeLoanCalculationPage" name="openApplication" time="21.024"/>
  <system-out/>
  <testcase classname="com.emicalculation.pages.HomeLoanCalculationPage" name="navigateToLoanTenureCal" time="5.372"/>
  <system-out/>
  <testcase classname="com.emicalculation.pages.HomeLoanCalculationPage" name="setHomeLoanDetails" time="5.902"/>
  <system-out/>
  <testcase classname="com.emicalculation.pages.HomeLoanCalculationPage" name="setHomeOwnerExpenses" time="3.073"/>
  <system-out/>
  <testcase classname="com.emicalculation.pages.HomeLoanCalculationPage" name="capturePaymentDetails" time="5.521"/>
  <system-out/>
  <testcase classname="com.emicalculation.pages.HomeLoanCalculationPage" name="getTableData" time="202.372"/>
  <system-out/>
  <testcase classname="com.emicalculation.pages.HomeLoanCalculationPage" name="closeApplication" time="0.223"/>
  <system-out/>
</testsuite> <!-- com.emicalculation.pages.HomeLoanCalculationPage -->
