<?xml version="1.0" encoding="UTF-8"?>
<!-- Generated by org.testng.reporters.JUnitReportReporter -->
<testsuite hostname="Vikram" failures="0" tests="8" name="com.emicalculation.pages.PersonalLoanPage" time="48.547" errors="0" timestamp="2022-07-13T11:02:37 IST" skipped="0">
  <testcase classname="com.emicalculation.pages.PersonalLoanPage" name="openApplication" time="15.320"/>
  <system-out/>
  <testcase classname="com.emicalculation.pages.PersonalLoanPage" name="navigatePersonalLoanTab" time="0.576"/>
  <system-out/>
  <testcase classname="com.emicalculation.pages.PersonalLoanPage" name="enterPersonalLoanAmount" time="0.160"/>
  <system-out/>
  <testcase classname="com.emicalculation.pages.PersonalLoanPage" name="enterInterestRate" time="0.296"/>
  <system-out/>
  <testcase classname="com.emicalculation.pages.PersonalLoanPage" name="enterLoanTenure" time="0.250"/>
  <system-out/>
  <testcase classname="com.emicalculation.pages.PersonalLoanPage" name="captureCarLoanEmiDetails" time="4.832"/>
  <system-out/>
  <testcase classname="com.emicalculation.pages.PersonalLoanPage" name="geTabletData" time="26.875"/>
  <system-out/>
  <testcase classname="com.emicalculation.pages.PersonalLoanPage" name="closeApplication" time="0.238"/>
  <system-out/>
</testsuite> <!-- com.emicalculation.pages.PersonalLoanPage -->
