<?xml version="1.0" encoding="UTF-8"?>
<!-- Generated by org.testng.reporters.JUnitReportReporter -->
<testsuite hostname="Vikram" failures="0" tests="23" name="com.emicalculation.pages.EmiCalculatorPageUI" time="19.252" errors="0" timestamp="2022-07-13T11:02:37 IST" skipped="0">
  <testcase classname="com.emicalculation.pages.EmiCalculatorPageUI" name="openBrowser" time="6.045"/>
  <system-out/>
  <testcase classname="com.emicalculation.pages.EmiCalculatorPageUI" name="navigateToLoanAmountCal" time="3.855"/>
  <system-out/>
  <testcase classname="com.emicalculation.pages.EmiCalculatorPageUI" name="loanAmountTextBoxAvailibility" time="0.488"/>
  <system-out/>
  <testcase classname="com.emicalculation.pages.EmiCalculatorPageUI" name="loanAmountSliderAvailibility" time="0.297"/>
  <system-out/>
  <testcase classname="com.emicalculation.pages.EmiCalculatorPageUI" name="loanAmountSliderCheck" time="0.418"/>
  <system-out/>
  <testcase classname="com.emicalculation.pages.EmiCalculatorPageUI" name="enterLoanAmountCheck" time="0.303"/>
  <system-out/>
  <testcase classname="com.emicalculation.pages.EmiCalculatorPageUI" name="checkLoanAmountAmountScale" time="0.283"/>
  <system-out/>
  <testcase classname="com.emicalculation.pages.EmiCalculatorPageUI" name="interestRateTextBoxAvailibility" time="0.306"/>
  <system-out/>
  <testcase classname="com.emicalculation.pages.EmiCalculatorPageUI" name="interestRateSliderAvailibility" time="0.324"/>
  <system-out/>
  <testcase classname="com.emicalculation.pages.EmiCalculatorPageUI" name="interestRateSliderCheck" time="0.426"/>
  <system-out/>
  <testcase classname="com.emicalculation.pages.EmiCalculatorPageUI" name="enterInterestRateCheck" time="0.315"/>
  <system-out/>
  <testcase classname="com.emicalculation.pages.EmiCalculatorPageUI" name="checkInterestRateScale" time="0.326"/>
  <system-out/>
  <testcase classname="com.emicalculation.pages.EmiCalculatorPageUI" name="loanTenureTextBoxAvailibility" time="0.567"/>
  <system-out/>
  <testcase classname="com.emicalculation.pages.EmiCalculatorPageUI" name="loanTenureSliderAvailibility" time="0.544"/>
  <system-out/>
  <testcase classname="com.emicalculation.pages.EmiCalculatorPageUI" name="loanTenureSliderCheck" time="0.432"/>
  <system-out/>
  <testcase classname="com.emicalculation.pages.EmiCalculatorPageUI" name="enterLoanTenureCheck" time="0.590"/>
  <system-out/>
  <testcase classname="com.emicalculation.pages.EmiCalculatorPageUI" name="checkLoanTenureScale" time="1.039"/>
  <system-out/>
  <testcase classname="com.emicalculation.pages.EmiCalculatorPageUI" name="feesChargesTextBoxAvailibility" time="0.396"/>
  <system-out/>
  <testcase classname="com.emicalculation.pages.EmiCalculatorPageUI" name="feesChargesSliderAvailibility" time="0.331"/>
  <system-out/>
  <testcase classname="com.emicalculation.pages.EmiCalculatorPageUI" name="feesChargesSliderCheck" time="0.448"/>
  <system-out/>
  <testcase classname="com.emicalculation.pages.EmiCalculatorPageUI" name="enterFeesChargesCheck" time="0.584"/>
  <system-out/>
  <testcase classname="com.emicalculation.pages.EmiCalculatorPageUI" name="checkFeesChargesScale" time="0.632"/>
  <system-out/>
  <testcase classname="com.emicalculation.pages.EmiCalculatorPageUI" name="closeApplication" time="0.303"/>
  <system-out/>
</testsuite> <!-- com.emicalculation.pages.EmiCalculatorPageUI -->
