<?xml version="1.0" encoding="UTF-8"?>
<!-- Generated by org.testng.reporters.JUnitReportReporter -->
<testsuite hostname="Vikram" failures="0" tests="23" name="com.emicalculation.pages.LoanAmountCalculatorPageUI" time="18.621" errors="0" timestamp="2022-07-13T11:02:37 IST" skipped="0">
  <testcase classname="com.emicalculation.pages.LoanAmountCalculatorPageUI" name="openBrowser" time="7.243"/>
  <system-out/>
  <testcase classname="com.emicalculation.pages.LoanAmountCalculatorPageUI" name="navigateToLoanAmountCal" time="3.602"/>
  <system-out/>
  <testcase classname="com.emicalculation.pages.LoanAmountCalculatorPageUI" name="emiTextBoxAvailibility" time="0.321"/>
  <system-out/>
  <testcase classname="com.emicalculation.pages.LoanAmountCalculatorPageUI" name="emiSliderAvailibility" time="0.291"/>
  <system-out/>
  <testcase classname="com.emicalculation.pages.LoanAmountCalculatorPageUI" name="emiSliderCheck" time="0.400"/>
  <system-out/>
  <testcase classname="com.emicalculation.pages.LoanAmountCalculatorPageUI" name="enterEmiAmountCheck" time="0.241"/>
  <system-out/>
  <testcase classname="com.emicalculation.pages.LoanAmountCalculatorPageUI" name="checkEmiAmountScale" time="0.226"/>
  <system-out/>
  <testcase classname="com.emicalculation.pages.LoanAmountCalculatorPageUI" name="interestRateTextBoxAvailibility" time="0.487"/>
  <system-out/>
  <testcase classname="com.emicalculation.pages.LoanAmountCalculatorPageUI" name="interestRateSliderAvailibility" time="0.429"/>
  <system-out/>
  <testcase classname="com.emicalculation.pages.LoanAmountCalculatorPageUI" name="interestRateSliderCheck" time="0.442"/>
  <system-out/>
  <testcase classname="com.emicalculation.pages.LoanAmountCalculatorPageUI" name="enterInterestRateCheck" time="0.331"/>
  <system-out/>
  <testcase classname="com.emicalculation.pages.LoanAmountCalculatorPageUI" name="checkInterestRateScale" time="0.340"/>
  <system-out/>
  <testcase classname="com.emicalculation.pages.LoanAmountCalculatorPageUI" name="loanTenureTextBoxAvailibility" time="0.390"/>
  <system-out/>
  <testcase classname="com.emicalculation.pages.LoanAmountCalculatorPageUI" name="loanTenureSliderAvailibility" time="0.349"/>
  <system-out/>
  <testcase classname="com.emicalculation.pages.LoanAmountCalculatorPageUI" name="loanTenureSliderCheck" time="0.429"/>
  <system-out/>
  <testcase classname="com.emicalculation.pages.LoanAmountCalculatorPageUI" name="enterLoanTenureCheck" time="0.415"/>
  <system-out/>
  <testcase classname="com.emicalculation.pages.LoanAmountCalculatorPageUI" name="checkLoanTenureScale" time="0.664"/>
  <system-out/>
  <testcase classname="com.emicalculation.pages.LoanAmountCalculatorPageUI" name="feesChargesTextBoxAvailibility" time="0.486"/>
  <system-out/>
  <testcase classname="com.emicalculation.pages.LoanAmountCalculatorPageUI" name="feesChargesSliderAvailibility" time="0.332"/>
  <system-out/>
  <testcase classname="com.emicalculation.pages.LoanAmountCalculatorPageUI" name="feesChargesSliderCheck" time="0.421"/>
  <system-out/>
  <testcase classname="com.emicalculation.pages.LoanAmountCalculatorPageUI" name="enterFeesChargesCheck" time="0.295"/>
  <system-out/>
  <testcase classname="com.emicalculation.pages.LoanAmountCalculatorPageUI" name="checkFeesChargesScale" time="0.246"/>
  <system-out/>
  <testcase classname="com.emicalculation.pages.LoanAmountCalculatorPageUI" name="closeApplication" time="0.241"/>
  <system-out/>
</testsuite> <!-- com.emicalculation.pages.LoanAmountCalculatorPageUI -->
