<?xml version="1.0" encoding="UTF-8"?>
<!-- Generated by org.testng.reporters.JUnitReportReporter -->
<testsuite hostname="Vikram" failures="0" tests="9" name="com.emicalculation.pages.CarLoanPage" time="25.152" errors="0" timestamp="2022-07-13T11:02:37 IST" skipped="0">
  <testcase classname="com.emicalculation.pages.CarLoanPage" name="openApplication" time="7.395"/>
  <system-out/>
  <testcase classname="com.emicalculation.pages.CarLoanPage" name="navigateToCarLoanTab" time="0.790"/>
  <system-out/>
  <testcase classname="com.emicalculation.pages.CarLoanPage" name="setCarLoanAmount" time="0.307"/>
  <system-out/>
  <testcase classname="com.emicalculation.pages.CarLoanPage" name="setInterestRate" time="0.561"/>
  <system-out/>
  <testcase classname="com.emicalculation.pages.CarLoanPage" name="setLoanTenure" time="0.875"/>
  <system-out/>
  <testcase classname="com.emicalculation.pages.CarLoanPage" name="captureCarLoanEmiDetails" time="4.927"/>
  <system-out/>
  <testcase classname="com.emicalculation.pages.CarLoanPage" name="getOneMonthData" time="0.646"/>
  <system-out/>
  <testcase classname="com.emicalculation.pages.CarLoanPage" name="getTableData" time="9.459"/>
  <system-out/>
  <testcase classname="com.emicalculation.pages.CarLoanPage" name="closeApplication" time="0.192"/>
  <system-out/>
</testsuite> <!-- com.emicalculation.pages.CarLoanPage -->
